<?xml version="1.0" encoding="UTF-8"?>
<!-- Generated by org.testng.reporters.JUnitReportReporter -->
<testsuite hostname="DESKTOP-K5IIQB6" failures="0" tests="1" name="mosafer.mosaferTest" time="41.545" errors="0" timestamp="2023-04-18T05:35:31 EET" skipped="0">
  <testcase classname="mosafer.mosaferTest" name="citiesTest" time="41.545"/>
  <system-out/>
</testsuite> <!-- mosafer.mosaferTest -->
